<?xml version="1.0" encoding="UTF-8"?>
<!-- Generated by org.testng.reporters.JUnitReportReporter -->
<testsuite skipped="0" hostname="ThamNT-PC" name="Test_Not_POM.Login_Not_POM" tests="2" failures="0" timestamp="06 Sep 2017 02:21:59 GMT" time="10.447" errors="0">
  <testcase name="LoginPage" time="7.286" classname="Test_Not_POM.Login_Not_POM"/>
  <testcase name="LogoutPage" time="3.161" classname="Test_Not_POM.Login_Not_POM"/>
</testsuite> <!-- Test_Not_POM.Login_Not_POM -->
