<?xml version="1.0" encoding="UTF-8"?>
<!-- Generated by org.testng.reporters.JUnitReportReporter -->
<testsuite skipped="0" hostname="ThamNT-PC" name="fb_Test_POM.Test_fb" tests="2" failures="0" timestamp="01 Sep 2017 07:58:52 GMT" time="8.087" errors="0">
  <testcase name="verifyLogin" time="5.631" classname="fb_Test_POM.Test_fb"/>
  <testcase name="verifyLogout" time="2.456" classname="fb_Test_POM.Test_fb"/>
</testsuite> <!-- fb_Test_POM.Test_fb -->
