<?xml version="1.0" encoding="UTF-8"?>
<!-- Generated by org.testng.reporters.JUnitReportReporter -->
<testsuite skipped="0" hostname="ThamNT-PC" name="Test.Login_Not_POM" tests="2" failures="0" timestamp="01 Sep 2017 08:27:30 GMT" time="8.133" errors="0">
  <testcase name="LoginPage" time="5.613" classname="Test.Login_Not_POM"/>
  <testcase name="LogoutPage" time="2.520" classname="Test.Login_Not_POM"/>
</testsuite> <!-- Test.Login_Not_POM -->
