<?xml version="1.0" encoding="UTF-8"?>
<!-- Generated by org.testng.reporters.JUnitReportReporter -->
<testsuite skipped="0" hostname="ThamNT-PC" name="fb_Test.Test_fb" tests="2" failures="0" timestamp="01 Sep 2017 07:58:00 GMT" time="8.222" errors="0">
  <testcase name="verifyLogin" time="5.519" classname="fb_Test.Test_fb"/>
  <testcase name="verifyLogout" time="2.703" classname="fb_Test.Test_fb"/>
</testsuite> <!-- fb_Test.Test_fb -->
